0 info it worked if it ends with ok
1 verbose cli [ 'c:\\Program Files\\nodejs\\node.exe',
1 verbose cli   'c:\\Program Files\\nodejs\\node_modules\\npm\\bin\\npm-cli.js',
1 verbose cli   'install' ]
2 info using npm@1.4.28
3 info using node@v0.10.35
4 verbose readDependencies using package.json deps
5 verbose install where, deps [ 'c:\\Users\\Brian Buccellato\\volume-four-node',
5 verbose install   [ 'body-parser',
5 verbose install     'cookie-parser',
5 verbose install     'debug',
5 verbose install     'ejs',
5 verbose install     'express',
5 verbose install     'morgan',
5 verbose install     'serve-favicon',
5 verbose install     'angular',
5 verbose install     'angular-route',
5 verbose install     'angular-loader',
5 verbose install     'angular-mocks',
5 verbose install     'html5-boilerplate',
5 verbose install     'angular-bootstrap',
5 verbose install     'videogular',
5 verbose install     'videogular-themes-default',
5 verbose install     'videogular-controls',
5 verbose install     'videogular-buffering',
5 verbose install     'videogular-overlay-play',
5 verbose install     'videogular-poster' ] ]
6 info preinstall volume-four-node@0.0.0
7 verbose readDependencies using package.json deps
8 verbose already installed skipping body-parser@~1.15.1 c:\Users\Brian Buccellato\volume-four-node
9 verbose already installed skipping cookie-parser@~1.4.3 c:\Users\Brian Buccellato\volume-four-node
10 verbose already installed skipping debug@~2.2.0 c:\Users\Brian Buccellato\volume-four-node
11 verbose already installed skipping ejs@~2.4.1 c:\Users\Brian Buccellato\volume-four-node
12 verbose already installed skipping express@~4.13.4 c:\Users\Brian Buccellato\volume-four-node
13 verbose already installed skipping morgan@~1.7.0 c:\Users\Brian Buccellato\volume-four-node
14 verbose already installed skipping serve-favicon@~2.3.0 c:\Users\Brian Buccellato\volume-four-node
15 verbose already installed skipping angular@>=1.4.0 c:\Users\Brian Buccellato\volume-four-node
16 verbose already installed skipping angular-route@~1.5.0 c:\Users\Brian Buccellato\volume-four-node
17 verbose already installed skipping angular-loader@~1.5.0 c:\Users\Brian Buccellato\volume-four-node
18 verbose already installed skipping angular-mocks@~1.5.0 c:\Users\Brian Buccellato\volume-four-node
19 verbose cache add [ 'html5-boilerplate@^5.3.0', null ]
20 verbose cache add name=undefined spec="html5-boilerplate@^5.3.0" args=["html5-boilerplate@^5.3.0",null]
21 verbose parsed url { protocol: null,
21 verbose parsed url   slashes: null,
21 verbose parsed url   auth: null,
21 verbose parsed url   host: null,
21 verbose parsed url   port: null,
21 verbose parsed url   hostname: null,
21 verbose parsed url   hash: null,
21 verbose parsed url   search: null,
21 verbose parsed url   query: null,
21 verbose parsed url   pathname: 'html5-boilerplate@^5.3.0',
21 verbose parsed url   path: 'html5-boilerplate@^5.3.0',
21 verbose parsed url   href: 'html5-boilerplate@^5.3.0' }
22 verbose cache add [ 'angular-bootstrap@~1.3.x', null ]
23 verbose cache add name=undefined spec="angular-bootstrap@~1.3.x" args=["angular-bootstrap@~1.3.x",null]
24 verbose parsed url { protocol: null,
24 verbose parsed url   slashes: null,
24 verbose parsed url   auth: null,
24 verbose parsed url   host: null,
24 verbose parsed url   port: null,
24 verbose parsed url   hostname: null,
24 verbose parsed url   hash: null,
24 verbose parsed url   search: null,
24 verbose parsed url   query: null,
24 verbose parsed url   pathname: 'angular-bootstrap@~1.3.x',
24 verbose parsed url   path: 'angular-bootstrap@~1.3.x',
24 verbose parsed url   href: 'angular-bootstrap@~1.3.x' }
25 verbose cache add [ 'videogular@*', null ]
26 verbose cache add name=undefined spec="videogular@*" args=["videogular@*",null]
27 verbose parsed url { protocol: null,
27 verbose parsed url   slashes: null,
27 verbose parsed url   auth: null,
27 verbose parsed url   host: null,
27 verbose parsed url   port: null,
27 verbose parsed url   hostname: null,
27 verbose parsed url   hash: null,
27 verbose parsed url   search: null,
27 verbose parsed url   query: null,
27 verbose parsed url   pathname: 'videogular@*',
27 verbose parsed url   path: 'videogular@*',
27 verbose parsed url   href: 'videogular@*' }
28 verbose cache add [ 'videogular-themes-default@*', null ]
29 verbose cache add name=undefined spec="videogular-themes-default@*" args=["videogular-themes-default@*",null]
30 verbose parsed url { protocol: null,
30 verbose parsed url   slashes: null,
30 verbose parsed url   auth: null,
30 verbose parsed url   host: null,
30 verbose parsed url   port: null,
30 verbose parsed url   hostname: null,
30 verbose parsed url   hash: null,
30 verbose parsed url   search: null,
30 verbose parsed url   query: null,
30 verbose parsed url   pathname: 'videogular-themes-default@*',
30 verbose parsed url   path: 'videogular-themes-default@*',
30 verbose parsed url   href: 'videogular-themes-default@*' }
31 verbose cache add [ 'videogular-controls@*', null ]
32 verbose cache add name=undefined spec="videogular-controls@*" args=["videogular-controls@*",null]
33 verbose parsed url { protocol: null,
33 verbose parsed url   slashes: null,
33 verbose parsed url   auth: null,
33 verbose parsed url   host: null,
33 verbose parsed url   port: null,
33 verbose parsed url   hostname: null,
33 verbose parsed url   hash: null,
33 verbose parsed url   search: null,
33 verbose parsed url   query: null,
33 verbose parsed url   pathname: 'videogular-controls@*',
33 verbose parsed url   path: 'videogular-controls@*',
33 verbose parsed url   href: 'videogular-controls@*' }
34 verbose cache add [ 'videogular-buffering@*', null ]
35 verbose cache add name=undefined spec="videogular-buffering@*" args=["videogular-buffering@*",null]
36 verbose parsed url { protocol: null,
36 verbose parsed url   slashes: null,
36 verbose parsed url   auth: null,
36 verbose parsed url   host: null,
36 verbose parsed url   port: null,
36 verbose parsed url   hostname: null,
36 verbose parsed url   hash: null,
36 verbose parsed url   search: null,
36 verbose parsed url   query: null,
36 verbose parsed url   pathname: 'videogular-buffering@*',
36 verbose parsed url   path: 'videogular-buffering@*',
36 verbose parsed url   href: 'videogular-buffering@*' }
37 verbose cache add name="html5-boilerplate" spec="^5.3.0" args=["html5-boilerplate","^5.3.0"]
38 verbose parsed url { protocol: null,
38 verbose parsed url   slashes: null,
38 verbose parsed url   auth: null,
38 verbose parsed url   host: null,
38 verbose parsed url   port: null,
38 verbose parsed url   hostname: null,
38 verbose parsed url   hash: null,
38 verbose parsed url   search: null,
38 verbose parsed url   query: null,
38 verbose parsed url   pathname: '^5.3.0',
38 verbose parsed url   path: '^5.3.0',
38 verbose parsed url   href: '^5.3.0' }
39 verbose addNamed [ 'html5-boilerplate', '^5.3.0' ]
40 verbose addNamed [ null, '>=5.3.0-0 <6.0.0-0' ]
41 verbose cache add name="angular-bootstrap" spec="~1.3.x" args=["angular-bootstrap","~1.3.x"]
42 verbose parsed url { protocol: null,
42 verbose parsed url   slashes: null,
42 verbose parsed url   auth: null,
42 verbose parsed url   host: null,
42 verbose parsed url   port: null,
42 verbose parsed url   hostname: null,
42 verbose parsed url   hash: null,
42 verbose parsed url   search: null,
42 verbose parsed url   query: null,
42 verbose parsed url   pathname: '~1.3.x',
42 verbose parsed url   path: '~1.3.x',
42 verbose parsed url   href: '~1.3.x' }
43 verbose addNamed [ 'angular-bootstrap', '~1.3.x' ]
44 verbose addNamed [ null, '>=1.3.0-0 <1.4.0-0' ]
45 verbose cache add name="videogular" spec="*" args=["videogular","*"]
46 verbose parsed url { protocol: null,
46 verbose parsed url   slashes: null,
46 verbose parsed url   auth: null,
46 verbose parsed url   host: null,
46 verbose parsed url   port: null,
46 verbose parsed url   hostname: null,
46 verbose parsed url   hash: null,
46 verbose parsed url   search: null,
46 verbose parsed url   query: null,
46 verbose parsed url   pathname: '*',
46 verbose parsed url   path: '*',
46 verbose parsed url   href: '*' }
47 verbose addNamed [ 'videogular', '*' ]
48 verbose addNamed [ null, '*' ]
49 verbose cache add name="videogular-themes-default" spec="*" args=["videogular-themes-default","*"]
50 verbose parsed url { protocol: null,
50 verbose parsed url   slashes: null,
50 verbose parsed url   auth: null,
50 verbose parsed url   host: null,
50 verbose parsed url   port: null,
50 verbose parsed url   hostname: null,
50 verbose parsed url   hash: null,
50 verbose parsed url   search: null,
50 verbose parsed url   query: null,
50 verbose parsed url   pathname: '*',
50 verbose parsed url   path: '*',
50 verbose parsed url   href: '*' }
51 verbose addNamed [ 'videogular-themes-default', '*' ]
52 verbose addNamed [ null, '*' ]
53 verbose cache add name="videogular-controls" spec="*" args=["videogular-controls","*"]
54 verbose parsed url { protocol: null,
54 verbose parsed url   slashes: null,
54 verbose parsed url   auth: null,
54 verbose parsed url   host: null,
54 verbose parsed url   port: null,
54 verbose parsed url   hostname: null,
54 verbose parsed url   hash: null,
54 verbose parsed url   search: null,
54 verbose parsed url   query: null,
54 verbose parsed url   pathname: '*',
54 verbose parsed url   path: '*',
54 verbose parsed url   href: '*' }
55 verbose addNamed [ 'videogular-controls', '*' ]
56 verbose addNamed [ null, '*' ]
57 verbose cache add name="videogular-buffering" spec="*" args=["videogular-buffering","*"]
58 verbose parsed url { protocol: null,
58 verbose parsed url   slashes: null,
58 verbose parsed url   auth: null,
58 verbose parsed url   host: null,
58 verbose parsed url   port: null,
58 verbose parsed url   hostname: null,
58 verbose parsed url   hash: null,
58 verbose parsed url   search: null,
58 verbose parsed url   query: null,
58 verbose parsed url   pathname: '*',
58 verbose parsed url   path: '*',
58 verbose parsed url   href: '*' }
59 verbose addNamed [ 'videogular-buffering', '*' ]
60 verbose addNamed [ null, '*' ]
61 silly lockFile 2837ee95-html5-boilerplate-5-3-0 html5-boilerplate@^5.3.0
62 verbose lock html5-boilerplate@^5.3.0 C:\Users\Brian Buccellato\AppData\Roaming\npm-cache\2837ee95-html5-boilerplate-5-3-0.lock
63 silly lockFile 17c87579-angular-bootstrap-1-3-x angular-bootstrap@~1.3.x
64 verbose lock angular-bootstrap@~1.3.x C:\Users\Brian Buccellato\AppData\Roaming\npm-cache\17c87579-angular-bootstrap-1-3-x.lock
65 silly lockFile baa3227c-videogular videogular@*
66 verbose lock videogular@* C:\Users\Brian Buccellato\AppData\Roaming\npm-cache\baa3227c-videogular.lock
67 silly lockFile 10e3900d-videogular-themes-default videogular-themes-default@*
68 verbose lock videogular-themes-default@* C:\Users\Brian Buccellato\AppData\Roaming\npm-cache\10e3900d-videogular-themes-default.lock
69 silly lockFile ec87bd41-videogular-controls videogular-controls@*
70 verbose lock videogular-controls@* C:\Users\Brian Buccellato\AppData\Roaming\npm-cache\ec87bd41-videogular-controls.lock
71 silly lockFile e80df300-videogular-buffering videogular-buffering@*
72 verbose lock videogular-buffering@* C:\Users\Brian Buccellato\AppData\Roaming\npm-cache\e80df300-videogular-buffering.lock
73 silly addNameRange { name: 'angular-bootstrap',
73 silly addNameRange   range: '>=1.3.0-0 <1.4.0-0',
73 silly addNameRange   hasData: false }
74 silly addNameRange { name: 'html5-boilerplate',
74 silly addNameRange   range: '>=5.3.0-0 <6.0.0-0',
74 silly addNameRange   hasData: false }
75 silly addNameRange { name: 'videogular', range: '*', hasData: false }
76 silly addNameRange { name: 'videogular-controls', range: '*', hasData: false }
77 verbose cache add [ 'videogular-overlay-play@*', null ]
78 verbose cache add name=undefined spec="videogular-overlay-play@*" args=["videogular-overlay-play@*",null]
79 verbose parsed url { protocol: null,
79 verbose parsed url   slashes: null,
79 verbose parsed url   auth: null,
79 verbose parsed url   host: null,
79 verbose parsed url   port: null,
79 verbose parsed url   hostname: null,
79 verbose parsed url   hash: null,
79 verbose parsed url   search: null,
79 verbose parsed url   query: null,
79 verbose parsed url   pathname: 'videogular-overlay-play@*',
79 verbose parsed url   path: 'videogular-overlay-play@*',
79 verbose parsed url   href: 'videogular-overlay-play@*' }
80 verbose cache add [ 'videogular-poster@*', null ]
81 verbose cache add name=undefined spec="videogular-poster@*" args=["videogular-poster@*",null]
82 verbose parsed url { protocol: null,
82 verbose parsed url   slashes: null,
82 verbose parsed url   auth: null,
82 verbose parsed url   host: null,
82 verbose parsed url   port: null,
82 verbose parsed url   hostname: null,
82 verbose parsed url   hash: null,
82 verbose parsed url   search: null,
82 verbose parsed url   query: null,
82 verbose parsed url   pathname: 'videogular-poster@*',
82 verbose parsed url   path: 'videogular-poster@*',
82 verbose parsed url   href: 'videogular-poster@*' }
83 silly addNameRange { name: 'videogular-themes-default', range: '*', hasData: false }
84 silly addNameRange { name: 'videogular-buffering', range: '*', hasData: false }
85 verbose cache add name="videogular-overlay-play" spec="*" args=["videogular-overlay-play","*"]
86 verbose parsed url { protocol: null,
86 verbose parsed url   slashes: null,
86 verbose parsed url   auth: null,
86 verbose parsed url   host: null,
86 verbose parsed url   port: null,
86 verbose parsed url   hostname: null,
86 verbose parsed url   hash: null,
86 verbose parsed url   search: null,
86 verbose parsed url   query: null,
86 verbose parsed url   pathname: '*',
86 verbose parsed url   path: '*',
86 verbose parsed url   href: '*' }
87 verbose addNamed [ 'videogular-overlay-play', '*' ]
88 verbose addNamed [ null, '*' ]
89 silly lockFile 118bec78-videogular-overlay-play videogular-overlay-play@*
90 verbose lock videogular-overlay-play@* C:\Users\Brian Buccellato\AppData\Roaming\npm-cache\118bec78-videogular-overlay-play.lock
91 verbose cache add name="videogular-poster" spec="*" args=["videogular-poster","*"]
92 verbose parsed url { protocol: null,
92 verbose parsed url   slashes: null,
92 verbose parsed url   auth: null,
92 verbose parsed url   host: null,
92 verbose parsed url   port: null,
92 verbose parsed url   hostname: null,
92 verbose parsed url   hash: null,
92 verbose parsed url   search: null,
92 verbose parsed url   query: null,
92 verbose parsed url   pathname: '*',
92 verbose parsed url   path: '*',
92 verbose parsed url   href: '*' }
93 verbose addNamed [ 'videogular-poster', '*' ]
94 verbose addNamed [ null, '*' ]
95 silly lockFile 76a2b7dd-videogular-poster videogular-poster@*
96 verbose lock videogular-poster@* C:\Users\Brian Buccellato\AppData\Roaming\npm-cache\76a2b7dd-videogular-poster.lock
97 silly addNameRange { name: 'videogular-overlay-play', range: '*', hasData: false }
98 verbose request where is /angular-bootstrap
99 verbose request registry https://registry.npmjs.org/
100 verbose request id 41acd523ffdaad94
101 verbose url raw /angular-bootstrap
102 verbose url resolving [ 'https://registry.npmjs.org/', './angular-bootstrap' ]
103 verbose url resolved https://registry.npmjs.org/angular-bootstrap
104 verbose request where is https://registry.npmjs.org/angular-bootstrap
105 info trying registry request attempt 1 at 17:23:40
106 verbose etag "1WNJQML6XC9EFTKQ7KZTB3255"
107 http GET https://registry.npmjs.org/angular-bootstrap
108 silly addNameRange { name: 'videogular-poster', range: '*', hasData: false }
109 verbose request where is /html5-boilerplate
110 verbose request registry https://registry.npmjs.org/
111 verbose url raw /html5-boilerplate
112 verbose url resolving [ 'https://registry.npmjs.org/', './html5-boilerplate' ]
113 verbose url resolved https://registry.npmjs.org/html5-boilerplate
114 verbose request where is https://registry.npmjs.org/html5-boilerplate
115 info trying registry request attempt 1 at 17:23:40
116 verbose etag "DCEEJCVXKVRHG8QBIWQ7KUXRB"
117 http GET https://registry.npmjs.org/html5-boilerplate
118 verbose request where is /videogular
119 verbose request registry https://registry.npmjs.org/
120 verbose url raw /videogular
121 verbose url resolving [ 'https://registry.npmjs.org/', './videogular' ]
122 verbose url resolved https://registry.npmjs.org/videogular
123 verbose request where is https://registry.npmjs.org/videogular
124 info trying registry request attempt 1 at 17:23:40
125 verbose etag "BR9QFFTSRFYURPE6B149VW5IF"
126 http GET https://registry.npmjs.org/videogular
127 verbose request where is /videogular-controls
128 verbose request registry https://registry.npmjs.org/
129 verbose url raw /videogular-controls
130 verbose url resolving [ 'https://registry.npmjs.org/', './videogular-controls' ]
131 verbose url resolved https://registry.npmjs.org/videogular-controls
132 verbose request where is https://registry.npmjs.org/videogular-controls
133 info trying registry request attempt 1 at 17:23:40
134 verbose etag "508OASYQUMUBYRO6NPNVJKF05"
135 http GET https://registry.npmjs.org/videogular-controls
136 verbose request where is /videogular-themes-default
137 verbose request registry https://registry.npmjs.org/
138 verbose url raw /videogular-themes-default
139 verbose url resolving [ 'https://registry.npmjs.org/', './videogular-themes-default' ]
140 verbose url resolved https://registry.npmjs.org/videogular-themes-default
141 verbose request where is https://registry.npmjs.org/videogular-themes-default
142 info trying registry request attempt 1 at 17:23:41
143 verbose etag "25JO13OWGBWMS7J20UHF45YF"
144 http GET https://registry.npmjs.org/videogular-themes-default
145 verbose request where is /videogular-buffering
146 verbose request registry https://registry.npmjs.org/
147 verbose url raw /videogular-buffering
148 verbose url resolving [ 'https://registry.npmjs.org/', './videogular-buffering' ]
149 verbose url resolved https://registry.npmjs.org/videogular-buffering
150 verbose request where is https://registry.npmjs.org/videogular-buffering
151 info trying registry request attempt 1 at 17:23:41
152 verbose etag "D2RHYV3VGPYJN44HJW445DGR"
153 http GET https://registry.npmjs.org/videogular-buffering
154 verbose request where is /videogular-overlay-play
155 verbose request registry https://registry.npmjs.org/
156 verbose url raw /videogular-overlay-play
157 verbose url resolving [ 'https://registry.npmjs.org/', './videogular-overlay-play' ]
158 verbose url resolved https://registry.npmjs.org/videogular-overlay-play
159 verbose request where is https://registry.npmjs.org/videogular-overlay-play
160 info trying registry request attempt 1 at 17:23:41
161 verbose etag "ELTQA5CL03TQC8RQQD8I73CLD"
162 http GET https://registry.npmjs.org/videogular-overlay-play
163 verbose request where is /videogular-poster
164 verbose request registry https://registry.npmjs.org/
165 verbose url raw /videogular-poster
166 verbose url resolving [ 'https://registry.npmjs.org/', './videogular-poster' ]
167 verbose url resolved https://registry.npmjs.org/videogular-poster
168 verbose request where is https://registry.npmjs.org/videogular-poster
169 info trying registry request attempt 1 at 17:23:41
170 verbose etag "CSZ8KSI0LTJJO03HVALCF6XBV"
171 http GET https://registry.npmjs.org/videogular-poster
172 http 304 https://registry.npmjs.org/html5-boilerplate
173 silly registry.get cb [ 304,
173 silly registry.get   { date: 'Fri, 28 Oct 2016 21:23:40 GMT',
173 silly registry.get     via: '1.1 varnish',
173 silly registry.get     'cache-control': 'max-age=300',
173 silly registry.get     etag: '"DCEEJCVXKVRHG8QBIWQ7KUXRB"',
173 silly registry.get     age: '92',
173 silly registry.get     connection: 'keep-alive',
173 silly registry.get     'x-served-by': 'cache-jfk8146-JFK',
173 silly registry.get     'x-cache': 'HIT',
173 silly registry.get     'x-cache-hits': '1',
173 silly registry.get     'x-timer': 'S1477689820.985559,VS0,VE0',
173 silly registry.get     vary: 'Accept-Encoding' } ]
174 verbose etag https://registry.npmjs.org/html5-boilerplate from cache
175 http 304 https://registry.npmjs.org/angular-bootstrap
176 silly registry.get cb [ 304,
176 silly registry.get   { date: 'Fri, 28 Oct 2016 21:23:40 GMT',
176 silly registry.get     via: '1.1 varnish',
176 silly registry.get     'cache-control': 'max-age=300',
176 silly registry.get     etag: '"1WNJQML6XC9EFTKQ7KZTB3255"',
176 silly registry.get     age: '92',
176 silly registry.get     connection: 'keep-alive',
176 silly registry.get     'x-served-by': 'cache-jfk8137-JFK',
176 silly registry.get     'x-cache': 'HIT',
176 silly registry.get     'x-cache-hits': '1',
176 silly registry.get     'x-timer': 'S1477689820.994704,VS0,VE0',
176 silly registry.get     vary: 'Accept-Encoding' } ]
177 verbose etag https://registry.npmjs.org/angular-bootstrap from cache
178 http 304 https://registry.npmjs.org/videogular
179 silly registry.get cb [ 304,
179 silly registry.get   { date: 'Fri, 28 Oct 2016 21:23:40 GMT',
179 silly registry.get     via: '1.1 varnish',
179 silly registry.get     'cache-control': 'max-age=300',
179 silly registry.get     etag: '"BR9QFFTSRFYURPE6B149VW5IF"',
179 silly registry.get     age: '165',
179 silly registry.get     connection: 'keep-alive',
179 silly registry.get     'x-served-by': 'cache-jfk8141-JFK',
179 silly registry.get     'x-cache': 'HIT',
179 silly registry.get     'x-cache-hits': '1',
179 silly registry.get     'x-timer': 'S1477689820.995013,VS0,VE0',
179 silly registry.get     vary: 'Accept-Encoding' } ]
180 verbose etag https://registry.npmjs.org/videogular from cache
181 http 304 https://registry.npmjs.org/videogular-themes-default
182 silly registry.get cb [ 304,
182 silly registry.get   { date: 'Fri, 28 Oct 2016 21:23:41 GMT',
182 silly registry.get     via: '1.1 varnish',
182 silly registry.get     'cache-control': 'max-age=300',
182 silly registry.get     etag: '"25JO13OWGBWMS7J20UHF45YF"',
182 silly registry.get     age: '165',
182 silly registry.get     connection: 'keep-alive',
182 silly registry.get     'x-served-by': 'cache-jfk8142-JFK',
182 silly registry.get     'x-cache': 'HIT',
182 silly registry.get     'x-cache-hits': '1',
182 silly registry.get     'x-timer': 'S1477689821.000029,VS0,VE0',
182 silly registry.get     vary: 'Accept-Encoding' } ]
183 verbose etag https://registry.npmjs.org/videogular-themes-default from cache
184 http 304 https://registry.npmjs.org/videogular-controls
185 silly registry.get cb [ 304,
185 silly registry.get   { date: 'Fri, 28 Oct 2016 21:23:41 GMT',
185 silly registry.get     via: '1.1 varnish',
185 silly registry.get     'cache-control': 'max-age=300',
185 silly registry.get     etag: '"508OASYQUMUBYRO6NPNVJKF05"',
185 silly registry.get     age: '165',
185 silly registry.get     connection: 'keep-alive',
185 silly registry.get     'x-served-by': 'cache-jfk8129-JFK',
185 silly registry.get     'x-cache': 'HIT',
185 silly registry.get     'x-cache-hits': '1',
185 silly registry.get     'x-timer': 'S1477689821.000032,VS0,VE0',
185 silly registry.get     vary: 'Accept-Encoding' } ]
186 verbose etag https://registry.npmjs.org/videogular-controls from cache
187 silly addNameRange number 2 { name: 'angular-bootstrap',
187 silly addNameRange   range: '>=1.3.0-0 <1.4.0-0',
187 silly addNameRange   hasData: true }
188 silly addNameRange versions [ 'angular-bootstrap', [ '0.12.2' ] ]
189 silly lockFile 17c87579-angular-bootstrap-1-3-x angular-bootstrap@~1.3.x
190 silly lockFile 17c87579-angular-bootstrap-1-3-x angular-bootstrap@~1.3.x
191 silly addNameRange number 2 { name: 'videogular', range: '*', hasData: true }
192 silly addNameRange versions [ 'videogular',
192 silly addNameRange   [ '1.3.1', '1.3.2', '1.4.0', '1.4.1', '1.4.4' ] ]
193 verbose addNamed [ 'videogular', '1.4.4' ]
194 verbose addNamed [ '1.4.4', '1.4.4' ]
195 silly lockFile 2faa8821-videogular-1-4-4 videogular@1.4.4
196 verbose lock videogular@1.4.4 C:\Users\Brian Buccellato\AppData\Roaming\npm-cache\2faa8821-videogular-1-4-4.lock
197 silly addNameRange number 2 { name: 'videogular-controls', range: '*', hasData: true }
198 silly addNameRange versions [ 'videogular-controls',
198 silly addNameRange   [ '1.3.0', '1.3.1', '1.3.2', '1.4.0', '1.4.1', '1.4.4' ] ]
199 verbose addNamed [ 'videogular-controls', '1.4.4' ]
200 verbose addNamed [ '1.4.4', '1.4.4' ]
201 silly lockFile 79f5195c-videogular-controls-1-4-4 videogular-controls@1.4.4
202 verbose lock videogular-controls@1.4.4 C:\Users\Brian Buccellato\AppData\Roaming\npm-cache\79f5195c-videogular-controls-1-4-4.lock
203 silly addNameRange number 2 { name: 'html5-boilerplate',
203 silly addNameRange   range: '>=5.3.0-0 <6.0.0-0',
203 silly addNameRange   hasData: true }
204 silly addNameRange versions [ 'html5-boilerplate', [ '5.3.0', '0.0.1' ] ]
205 verbose addNamed [ 'html5-boilerplate', '5.3.0' ]
206 verbose addNamed [ '5.3.0', '5.3.0' ]
207 silly lockFile 7f63451c-html5-boilerplate-5-3-0 html5-boilerplate@5.3.0
208 verbose lock html5-boilerplate@5.3.0 C:\Users\Brian Buccellato\AppData\Roaming\npm-cache\7f63451c-html5-boilerplate-5-3-0.lock
209 http 304 https://registry.npmjs.org/videogular-buffering
210 silly registry.get cb [ 304,
210 silly registry.get   { date: 'Fri, 28 Oct 2016 21:23:41 GMT',
210 silly registry.get     via: '1.1 varnish',
210 silly registry.get     'cache-control': 'max-age=300',
210 silly registry.get     etag: '"D2RHYV3VGPYJN44HJW445DGR"',
210 silly registry.get     age: '165',
210 silly registry.get     connection: 'keep-alive',
210 silly registry.get     'x-served-by': 'cache-jfk8146-JFK',
210 silly registry.get     'x-cache': 'HIT',
210 silly registry.get     'x-cache-hits': '1',
210 silly registry.get     'x-timer': 'S1477689821.030820,VS0,VE0',
210 silly registry.get     vary: 'Accept-Encoding' } ]
211 verbose etag https://registry.npmjs.org/videogular-buffering from cache
212 silly addNameRange number 2 { name: 'videogular-themes-default', range: '*', hasData: true }
213 silly addNameRange versions [ 'videogular-themes-default',
213 silly addNameRange   [ '1.3.0', '1.3.1', '1.3.2', '1.4.0', '1.4.1', '1.4.4' ] ]
214 verbose addNamed [ 'videogular-themes-default', '1.4.4' ]
215 verbose addNamed [ '1.4.4', '1.4.4' ]
216 silly lockFile ea8c6d5d-videogular-themes-default-1-4-4 videogular-themes-default@1.4.4
217 verbose lock videogular-themes-default@1.4.4 C:\Users\Brian Buccellato\AppData\Roaming\npm-cache\ea8c6d5d-videogular-themes-default-1-4-4.lock
218 http 304 https://registry.npmjs.org/videogular-poster
219 silly registry.get cb [ 304,
219 silly registry.get   { date: 'Fri, 28 Oct 2016 21:23:41 GMT',
219 silly registry.get     via: '1.1 varnish',
219 silly registry.get     'cache-control': 'max-age=300',
219 silly registry.get     etag: '"CSZ8KSI0LTJJO03HVALCF6XBV"',
219 silly registry.get     age: '165',
219 silly registry.get     connection: 'keep-alive',
219 silly registry.get     'x-served-by': 'cache-jfk8141-JFK',
219 silly registry.get     'x-cache': 'HIT',
219 silly registry.get     'x-cache-hits': '1',
219 silly registry.get     'x-timer': 'S1477689821.039843,VS0,VE0',
219 silly registry.get     vary: 'Accept-Encoding' } ]
220 verbose etag https://registry.npmjs.org/videogular-poster from cache
221 http 304 https://registry.npmjs.org/videogular-overlay-play
222 silly registry.get cb [ 304,
222 silly registry.get   { date: 'Fri, 28 Oct 2016 21:23:41 GMT',
222 silly registry.get     via: '1.1 varnish',
222 silly registry.get     'cache-control': 'max-age=300',
222 silly registry.get     etag: '"ELTQA5CL03TQC8RQQD8I73CLD"',
222 silly registry.get     age: '92',
222 silly registry.get     connection: 'keep-alive',
222 silly registry.get     'x-served-by': 'cache-jfk8137-JFK',
222 silly registry.get     'x-cache': 'HIT',
222 silly registry.get     'x-cache-hits': '1',
222 silly registry.get     'x-timer': 'S1477689821.040663,VS0,VE0',
222 silly registry.get     vary: 'Accept-Encoding' } ]
223 verbose etag https://registry.npmjs.org/videogular-overlay-play from cache
224 silly lockFile 2faa8821-videogular-1-4-4 videogular@1.4.4
225 silly lockFile 2faa8821-videogular-1-4-4 videogular@1.4.4
226 silly lockFile 7f63451c-html5-boilerplate-5-3-0 html5-boilerplate@5.3.0
227 silly lockFile 7f63451c-html5-boilerplate-5-3-0 html5-boilerplate@5.3.0
228 silly lockFile 79f5195c-videogular-controls-1-4-4 videogular-controls@1.4.4
229 silly lockFile 79f5195c-videogular-controls-1-4-4 videogular-controls@1.4.4
230 silly lockFile 2837ee95-html5-boilerplate-5-3-0 html5-boilerplate@^5.3.0
231 silly lockFile 2837ee95-html5-boilerplate-5-3-0 html5-boilerplate@^5.3.0
232 silly lockFile ec87bd41-videogular-controls videogular-controls@*
233 silly lockFile ec87bd41-videogular-controls videogular-controls@*
234 silly lockFile baa3227c-videogular videogular@*
235 silly lockFile baa3227c-videogular videogular@*
236 silly addNameRange number 2 { name: 'videogular-buffering', range: '*', hasData: true }
237 silly addNameRange versions [ 'videogular-buffering',
237 silly addNameRange   [ '1.3.0', '1.3.1', '1.3.2', '1.4.0', '1.4.1', '1.4.4' ] ]
238 verbose addNamed [ 'videogular-buffering', '1.4.4' ]
239 verbose addNamed [ '1.4.4', '1.4.4' ]
240 silly lockFile 844011ce-videogular-buffering-1-4-4 videogular-buffering@1.4.4
241 verbose lock videogular-buffering@1.4.4 C:\Users\Brian Buccellato\AppData\Roaming\npm-cache\844011ce-videogular-buffering-1-4-4.lock
242 silly addNameRange number 2 { name: 'videogular-poster', range: '*', hasData: true }
243 silly addNameRange versions [ 'videogular-poster',
243 silly addNameRange   [ '1.3.0', '1.3.1', '1.3.2', '1.4.0', '1.4.1', '1.4.4' ] ]
244 verbose addNamed [ 'videogular-poster', '1.4.4' ]
245 verbose addNamed [ '1.4.4', '1.4.4' ]
246 silly lockFile f0366410-videogular-poster-1-4-4 videogular-poster@1.4.4
247 verbose lock videogular-poster@1.4.4 C:\Users\Brian Buccellato\AppData\Roaming\npm-cache\f0366410-videogular-poster-1-4-4.lock
248 silly addNameRange number 2 { name: 'videogular-overlay-play', range: '*', hasData: true }
249 silly addNameRange versions [ 'videogular-overlay-play',
249 silly addNameRange   [ '1.3.0', '1.3.1', '1.3.2', '1.4.0', '1.4.1', '1.4.4' ] ]
250 verbose addNamed [ 'videogular-overlay-play', '1.4.4' ]
251 verbose addNamed [ '1.4.4', '1.4.4' ]
252 silly lockFile 4ebc1ca4-videogular-overlay-play-1-4-4 videogular-overlay-play@1.4.4
253 verbose lock videogular-overlay-play@1.4.4 C:\Users\Brian Buccellato\AppData\Roaming\npm-cache\4ebc1ca4-videogular-overlay-play-1-4-4.lock
254 silly lockFile ea8c6d5d-videogular-themes-default-1-4-4 videogular-themes-default@1.4.4
255 silly lockFile ea8c6d5d-videogular-themes-default-1-4-4 videogular-themes-default@1.4.4
256 silly lockFile 10e3900d-videogular-themes-default videogular-themes-default@*
257 silly lockFile 10e3900d-videogular-themes-default videogular-themes-default@*
258 silly lockFile 844011ce-videogular-buffering-1-4-4 videogular-buffering@1.4.4
259 silly lockFile 844011ce-videogular-buffering-1-4-4 videogular-buffering@1.4.4
260 silly lockFile e80df300-videogular-buffering videogular-buffering@*
261 silly lockFile e80df300-videogular-buffering videogular-buffering@*
262 silly lockFile 4ebc1ca4-videogular-overlay-play-1-4-4 videogular-overlay-play@1.4.4
263 silly lockFile 4ebc1ca4-videogular-overlay-play-1-4-4 videogular-overlay-play@1.4.4
264 silly lockFile f0366410-videogular-poster-1-4-4 videogular-poster@1.4.4
265 silly lockFile f0366410-videogular-poster-1-4-4 videogular-poster@1.4.4
266 silly lockFile 118bec78-videogular-overlay-play videogular-overlay-play@*
267 silly lockFile 118bec78-videogular-overlay-play videogular-overlay-play@*
268 silly lockFile 76a2b7dd-videogular-poster videogular-poster@*
269 silly lockFile 76a2b7dd-videogular-poster videogular-poster@*
270 error notarget No compatible version found: angular-bootstrap@'>=1.3.0-0 <1.4.0-0'
270 error notarget Valid install targets:
270 error notarget ["0.12.2"]
270 error notarget
270 error notarget This is most likely not a problem with npm itself.
270 error notarget In most cases you or one of your dependencies are requesting
270 error notarget a package version that doesn't exist.
271 error System Windows_NT 6.1.7601
272 error command "c:\\Program Files\\nodejs\\node.exe" "c:\\Program Files\\nodejs\\node_modules\\npm\\bin\\npm-cli.js" "install"
273 error cwd c:\Users\Brian Buccellato\volume-four-node
274 error node -v v0.10.35
275 error npm -v 1.4.28
276 error code ETARGET
277 verbose exit [ 1, true ]
